This file contains any messages produced by compilers while
running configure, to aid debugging if configure makes a mistake.

It was created by GeoIP configure 1.4.8, which was
generated by GNU Autoconf 2.69.  Invocation command line was

  $ ./configure --no-create --no-recursion

## --------- ##
## Platform. ##
## --------- ##

hostname = localhost.localdomain
uname -m = x86_64
uname -r = 3.10.0-693.2.2.el7.x86_64
uname -s = Linux
uname -v = #1 SMP Tue Sep 12 22:26:13 UTC 2017

/usr/bin/uname -p = x86_64
/bin/uname -X     = unknown

/bin/arch              = x86_64
/usr/bin/arch -k       = unknown
/usr/convex/getsysinfo = unknown
/usr/bin/hostinfo      = unknown
/bin/machine           = unknown
/usr/bin/oslevel       = unknown
/bin/universe          = unknown

PATH: /root/perl5/bin
PATH: /home/killer/.nvm/versions/node/v8.9.0/bin
PATH: /usr/java/jdk1.8.0_144//bin
PATH: /home/killer/agraph-data/apache-maven-3.5.0/bin
PATH: /usr/lib64/qt-3.3/bin
PATH: /home/killer/perl5/bin
PATH: /usr/local/bin
PATH: /usr/local/sbin
PATH: /usr/bin
PATH: /usr/sbin
PATH: /bin
PATH: /sbin
PATH: /usr/local/go/bin
PATH: /home/killer/.local/bin
PATH: /home/killer/bin


## ----------- ##
## Core tests. ##
## ----------- ##

configure:2432: checking for gcc
configure:2448: found /usr/bin/gcc
configure:2459: result: gcc
configure:2688: checking for C compiler version
configure:2697: gcc --version >&5
gcc (GCC) 4.8.5 20150623 (Red Hat 4.8.5-16)
Copyright (C) 2015 Free Software Foundation, Inc.
This is free software; see the source for copying conditions.  There is NO
warranty; not even for MERCHANTABILITY or FITNESS FOR A PARTICULAR PURPOSE.

configure:2708: $? = 0
configure:2697: gcc -v >&5
Using built-in specs.
COLLECT_GCC=gcc
COLLECT_LTO_WRAPPER=/usr/libexec/gcc/x86_64-redhat-linux/4.8.5/lto-wrapper
Target: x86_64-redhat-linux
Configured with: ../configure --prefix=/usr --mandir=/usr/share/man --infodir=/usr/share/info --with-bugurl=http://bugzilla.redhat.com/bugzilla --enable-bootstrap --enable-shared --enable-threads=posix --enable-checking=release --with-system-zlib --enable-__cxa_atexit --disable-libunwind-exceptions --enable-gnu-unique-object --enable-linker-build-id --with-linker-hash-style=gnu --enable-languages=c,c++,objc,obj-c++,java,fortran,ada,go,lto --enable-plugin --enable-initfini-array --disable-libgcj --with-isl=/builddir/build/BUILD/gcc-4.8.5-20150702/obj-x86_64-redhat-linux/isl-install --with-cloog=/builddir/build/BUILD/gcc-4.8.5-20150702/obj-x86_64-redhat-linux/cloog-install --enable-gnu-indirect-function --with-tune=generic --with-arch_32=x86-64 --build=x86_64-redhat-linux
Thread model: posix
gcc version 4.8.5 20150623 (Red Hat 4.8.5-16) (GCC) 
configure:2708: $? = 0
configure:2697: gcc -V >&5
gcc: error: unrecognized command line option '-V'
gcc: fatal error: no input files
compilation terminated.
configure:2708: $? = 4
configure:2697: gcc -qversion >&5
gcc: error: unrecognized command line option '-qversion'
gcc: fatal error: no input files
compilation terminated.
configure:2708: $? = 4
configure:2728: checking whether the C compiler works
configure:2750: gcc    conftest.c  >&5
configure:2754: $? = 0
configure:2802: result: yes
configure:2805: checking for C compiler default output file name
configure:2807: result: a.out
configure:2813: checking for suffix of executables
configure:2820: gcc -o conftest    conftest.c  >&5
configure:2824: $? = 0
configure:2846: result: 
configure:2868: checking whether we are cross compiling
configure:2876: gcc -o conftest    conftest.c  >&5
configure:2880: $? = 0
configure:2887: ./conftest
configure:2891: $? = 0
configure:2906: result: no
configure:2911: checking for suffix of object files
configure:2933: gcc -c   conftest.c >&5
configure:2937: $? = 0
configure:2958: result: o
configure:2962: checking whether we are using the GNU C compiler
configure:2981: gcc -c   conftest.c >&5
configure:2981: $? = 0
configure:2990: result: yes
configure:2999: checking whether gcc accepts -g
configure:3019: gcc -c -g  conftest.c >&5
configure:3019: $? = 0
configure:3060: result: yes
configure:3077: checking for gcc option to accept ISO C89
configure:3140: gcc  -c -g -O2  conftest.c >&5
configure:3140: $? = 0
configure:3153: result: none needed
configure:3179: checking how to run the C preprocessor
configure:3210: gcc -E  conftest.c
configure:3210: $? = 0
configure:3224: gcc -E  conftest.c
conftest.c:9:28: fatal error: ac_nonexistent.h: No such file or directory
 #include <ac_nonexistent.h>
                            ^
compilation terminated.
configure:3224: $? = 1
configure: failed program was:
| /* confdefs.h */
| #define PACKAGE_NAME "GeoIP"
| #define PACKAGE_TARNAME "GeoIP"
| #define PACKAGE_VERSION "1.4.8"
| #define PACKAGE_STRING "GeoIP 1.4.8"
| #define PACKAGE_BUGREPORT "support@maxmind.com"
| #define PACKAGE_URL ""
| /* end confdefs.h.  */
| #include <ac_nonexistent.h>
configure:3249: result: gcc -E
configure:3269: gcc -E  conftest.c
configure:3269: $? = 0
configure:3283: gcc -E  conftest.c
conftest.c:9:28: fatal error: ac_nonexistent.h: No such file or directory
 #include <ac_nonexistent.h>
                            ^
compilation terminated.
configure:3283: $? = 1
configure: failed program was:
| /* confdefs.h */
| #define PACKAGE_NAME "GeoIP"
| #define PACKAGE_TARNAME "GeoIP"
| #define PACKAGE_VERSION "1.4.8"
| #define PACKAGE_STRING "GeoIP 1.4.8"
| #define PACKAGE_BUGREPORT "support@maxmind.com"
| #define PACKAGE_URL ""
| /* end confdefs.h.  */
| #include <ac_nonexistent.h>
configure:3312: checking for grep that handles long lines and -e
configure:3370: result: /usr/bin/grep
configure:3375: checking for egrep
configure:3437: result: /usr/bin/grep -E
configure:3442: checking for ANSI C header files
configure:3462: gcc -c -g -O2  conftest.c >&5
configure:3462: $? = 0
configure:3535: gcc -o conftest -g -O2   conftest.c  >&5
configure:3535: $? = 0
configure:3535: ./conftest
configure:3535: $? = 0
configure:3546: result: yes
configure:3559: checking for sys/types.h
configure:3559: gcc -c -g -O2  conftest.c >&5
configure:3559: $? = 0
configure:3559: result: yes
configure:3559: checking for sys/stat.h
configure:3559: gcc -c -g -O2  conftest.c >&5
configure:3559: $? = 0
configure:3559: result: yes
configure:3559: checking for stdlib.h
configure:3559: gcc -c -g -O2  conftest.c >&5
configure:3559: $? = 0
configure:3559: result: yes
configure:3559: checking for string.h
configure:3559: gcc -c -g -O2  conftest.c >&5
configure:3559: $? = 0
configure:3559: result: yes
configure:3559: checking for memory.h
configure:3559: gcc -c -g -O2  conftest.c >&5
configure:3559: $? = 0
configure:3559: result: yes
configure:3559: checking for strings.h
configure:3559: gcc -c -g -O2  conftest.c >&5
configure:3559: $? = 0
configure:3559: result: yes
configure:3559: checking for inttypes.h
configure:3559: gcc -c -g -O2  conftest.c >&5
configure:3559: $? = 0
configure:3559: result: yes
configure:3559: checking for stdint.h
configure:3559: gcc -c -g -O2  conftest.c >&5
configure:3559: $? = 0
configure:3559: result: yes
configure:3559: checking for unistd.h
configure:3559: gcc -c -g -O2  conftest.c >&5
configure:3559: $? = 0
configure:3559: result: yes
configure:3572: checking minix/config.h usability
configure:3572: gcc -c -g -O2  conftest.c >&5
conftest.c:52:26: fatal error: minix/config.h: No such file or directory
 #include <minix/config.h>
                          ^
compilation terminated.
configure:3572: $? = 1
configure: failed program was:
| /* confdefs.h */
| #define PACKAGE_NAME "GeoIP"
| #define PACKAGE_TARNAME "GeoIP"
| #define PACKAGE_VERSION "1.4.8"
| #define PACKAGE_STRING "GeoIP 1.4.8"
| #define PACKAGE_BUGREPORT "support@maxmind.com"
| #define PACKAGE_URL ""
| #define STDC_HEADERS 1
| #define HAVE_SYS_TYPES_H 1
| #define HAVE_SYS_STAT_H 1
| #define HAVE_STDLIB_H 1
| #define HAVE_STRING_H 1
| #define HAVE_MEMORY_H 1
| #define HAVE_STRINGS_H 1
| #define HAVE_INTTYPES_H 1
| #define HAVE_STDINT_H 1
| #define HAVE_UNISTD_H 1
| /* end confdefs.h.  */
| #include <stdio.h>
| #ifdef HAVE_SYS_TYPES_H
| # include <sys/types.h>
| #endif
| #ifdef HAVE_SYS_STAT_H
| # include <sys/stat.h>
| #endif
| #ifdef STDC_HEADERS
| # include <stdlib.h>
| # include <stddef.h>
| #else
| # ifdef HAVE_STDLIB_H
| #  include <stdlib.h>
| # endif
| #endif
| #ifdef HAVE_STRING_H
| # if !defined STDC_HEADERS && defined HAVE_MEMORY_H
| #  include <memory.h>
| # endif
| # include <string.h>
| #endif
| #ifdef HAVE_STRINGS_H
| # include <strings.h>
| #endif
| #ifdef HAVE_INTTYPES_H
| # include <inttypes.h>
| #endif
| #ifdef HAVE_STDINT_H
| # include <stdint.h>
| #endif
| #ifdef HAVE_UNISTD_H
| # include <unistd.h>
| #endif
| #include <minix/config.h>
configure:3572: result: no
configure:3572: checking minix/config.h presence
configure:3572: gcc -E  conftest.c
conftest.c:19:26: fatal error: minix/config.h: No such file or directory
 #include <minix/config.h>
                          ^
compilation terminated.
configure:3572: $? = 1
configure: failed program was:
| /* confdefs.h */
| #define PACKAGE_NAME "GeoIP"
| #define PACKAGE_TARNAME "GeoIP"
| #define PACKAGE_VERSION "1.4.8"
| #define PACKAGE_STRING "GeoIP 1.4.8"
| #define PACKAGE_BUGREPORT "support@maxmind.com"
| #define PACKAGE_URL ""
| #define STDC_HEADERS 1
| #define HAVE_SYS_TYPES_H 1
| #define HAVE_SYS_STAT_H 1
| #define HAVE_STDLIB_H 1
| #define HAVE_STRING_H 1
| #define HAVE_MEMORY_H 1
| #define HAVE_STRINGS_H 1
| #define HAVE_INTTYPES_H 1
| #define HAVE_STDINT_H 1
| #define HAVE_UNISTD_H 1
| /* end confdefs.h.  */
| #include <minix/config.h>
configure:3572: result: no
configure:3572: checking for minix/config.h
configure:3572: result: no
configure:3593: checking whether it is safe to define __EXTENSIONS__
configure:3611: gcc -c -g -O2  conftest.c >&5
configure:3611: $? = 0
configure:3618: result: yes
configure:3678: checking for a BSD-compatible install
configure:3746: result: /usr/bin/install -c
configure:3757: checking whether build environment is sane
configure:3807: result: yes
configure:3948: checking for a thread-safe mkdir -p
configure:3987: result: /usr/bin/mkdir -p
configure:4000: checking for gawk
configure:4016: found /usr/bin/gawk
configure:4027: result: gawk
configure:4038: checking whether make sets $(MAKE)
configure:4060: result: yes
configure:4090: checking for style of include used by make
configure:4118: result: GNU
configure:4203: checking dependency style of gcc
configure:4313: result: gcc3
configure:4381: checking for gcc
configure:4408: result: gcc
configure:4637: checking for C compiler version
configure:4646: gcc --version >&5
gcc (GCC) 4.8.5 20150623 (Red Hat 4.8.5-16)
Copyright (C) 2015 Free Software Foundation, Inc.
This is free software; see the source for copying conditions.  There is NO
warranty; not even for MERCHANTABILITY or FITNESS FOR A PARTICULAR PURPOSE.

configure:4657: $? = 0
configure:4646: gcc -v >&5
Using built-in specs.
COLLECT_GCC=gcc
COLLECT_LTO_WRAPPER=/usr/libexec/gcc/x86_64-redhat-linux/4.8.5/lto-wrapper
Target: x86_64-redhat-linux
Configured with: ../configure --prefix=/usr --mandir=/usr/share/man --infodir=/usr/share/info --with-bugurl=http://bugzilla.redhat.com/bugzilla --enable-bootstrap --enable-shared --enable-threads=posix --enable-checking=release --with-system-zlib --enable-__cxa_atexit --disable-libunwind-exceptions --enable-gnu-unique-object --enable-linker-build-id --with-linker-hash-style=gnu --enable-languages=c,c++,objc,obj-c++,java,fortran,ada,go,lto --enable-plugin --enable-initfini-array --disable-libgcj --with-isl=/builddir/build/BUILD/gcc-4.8.5-20150702/obj-x86_64-redhat-linux/isl-install --with-cloog=/builddir/build/BUILD/gcc-4.8.5-20150702/obj-x86_64-redhat-linux/cloog-install --enable-gnu-indirect-function --with-tune=generic --with-arch_32=x86-64 --build=x86_64-redhat-linux
Thread model: posix
gcc version 4.8.5 20150623 (Red Hat 4.8.5-16) (GCC) 
configure:4657: $? = 0
configure:4646: gcc -V >&5
gcc: error: unrecognized command line option '-V'
gcc: fatal error: no input files
compilation terminated.
configure:4657: $? = 4
configure:4646: gcc -qversion >&5
gcc: error: unrecognized command line option '-qversion'
gcc: fatal error: no input files
compilation terminated.
configure:4657: $? = 4
configure:4661: checking whether we are using the GNU C compiler
configure:4689: result: yes
configure:4698: checking whether gcc accepts -g
configure:4759: result: yes
configure:4776: checking for gcc option to accept ISO C89
configure:4852: result: none needed
configure:4901: checking build system type
configure:4915: result: x86_64-unknown-linux-gnu
configure:4935: checking host system type
configure:4948: result: x86_64-unknown-linux-gnu
configure:4968: checking for a sed that does not truncate output
configure:5032: result: /usr/bin/sed
configure:5050: checking for fgrep
configure:5112: result: /usr/bin/grep -F
configure:5147: checking for ld used by gcc
configure:5214: result: /usr/bin/ld
configure:5221: checking if the linker (/usr/bin/ld) is GNU ld
configure:5236: result: yes
configure:5248: checking for BSD- or MS-compatible name lister (nm)
configure:5297: result: /usr/bin/nm -B
configure:5415: checking the name lister (/usr/bin/nm -B) interface
configure:5422: gcc -c -g -O2  conftest.c >&5
configure:5425: /usr/bin/nm -B "conftest.o"
configure:5428: output
0000000000000000 B some_variable
configure:5435: result: BSD nm
configure:5438: checking whether ln -s works
configure:5442: result: yes
configure:5450: checking the maximum length of command line arguments
configure:5570: result: 1572864
configure:5587: checking whether the shell understands some XSI constructs
configure:5597: result: yes
configure:5601: checking whether the shell understands "+="
configure:5607: result: yes
configure:5642: checking for /usr/bin/ld option to reload object files
configure:5649: result: -r
configure:5718: checking for objdump
configure:5734: found /usr/bin/objdump
configure:5745: result: objdump
configure:5777: checking how to recognize dependent libraries
configure:5973: result: pass_all
configure:6033: checking for ar
configure:6049: found /usr/bin/ar
configure:6060: result: ar
configure:6138: checking for strip
configure:6154: found /usr/bin/strip
configure:6165: result: strip
configure:6237: checking for ranlib
configure:6253: found /usr/bin/ranlib
configure:6264: result: ranlib
configure:6354: checking command to parse /usr/bin/nm -B output from gcc object
configure:6472: gcc -c -g -O2  conftest.c >&5
configure:6475: $? = 0
configure:6479: /usr/bin/nm -B conftest.o \| sed -n -e 's/^.*[	 ]\([ABCDGIRSTW][ABCDGIRSTW]*\)[	 ][	 ]*\([_A-Za-z][_A-Za-z0-9]*\)$/\1 \2 \2/p' \> conftest.nm
configure:6482: $? = 0
configure:6536: gcc -o conftest -g -O2   conftest.c conftstm.o >&5
configure:6539: $? = 0
configure:6577: result: ok
configure:6672: gcc -c -g -O2  conftest.c >&5
configure:6675: $? = 0
configure:7382: checking for dlfcn.h
configure:7382: gcc -c -g -O2  conftest.c >&5
configure:7382: $? = 0
configure:7382: result: yes
configure:7566: checking for objdir
configure:7581: result: .libs
configure:7873: checking if gcc supports -fno-rtti -fno-exceptions
configure:7891: gcc -c -g -O2  -fno-rtti -fno-exceptions conftest.c >&5
cc1: warning: command line option '-fno-rtti' is valid for C++/ObjC++ but not for C [enabled by default]
configure:7895: $? = 0
configure:7908: result: no
configure:7928: checking for gcc option to produce PIC
configure:8200: result: -fPIC -DPIC
configure:8212: checking if gcc PIC flag -fPIC -DPIC works
configure:8230: gcc -c -g -O2  -fPIC -DPIC -DPIC conftest.c >&5
configure:8234: $? = 0
configure:8247: result: yes
configure:8271: checking if gcc static flag -static works
configure:8299: result: no
configure:8314: checking if gcc supports -c -o file.o
configure:8335: gcc -c -g -O2  -o out/conftest2.o conftest.c >&5
configure:8339: $? = 0
configure:8361: result: yes
configure:8369: checking if gcc supports -c -o file.o
configure:8416: result: yes
configure:8449: checking whether the gcc linker (/usr/bin/ld -m elf_x86_64) supports shared libraries
configure:9440: result: yes
configure:9477: checking whether -lc should be explicitly linked in
configure:9482: gcc -c -g -O2  conftest.c >&5
configure:9485: $? = 0
configure:9500: gcc -shared conftest.o  -v -Wl,-soname -Wl,conftest -o conftest 2\>\&1 \| /usr/bin/grep  -lc  \>/dev/null 2\>\&1
configure:9503: $? = 0
configure:9515: result: no
configure:9679: checking dynamic linker characteristics
configure:10112: gcc -o conftest -g -O2   -Wl,-rpath -Wl,/foo conftest.c  >&5
configure:10112: $? = 0
configure:10342: result: GNU/Linux ld.so
configure:10444: checking how to hardcode library paths into programs
configure:10469: result: immediate
configure:10989: checking whether stripping libraries is possible
configure:10994: result: yes
configure:11029: checking if libtool supports shared libraries
configure:11031: result: yes
configure:11034: checking whether to build shared libraries
configure:11055: result: yes
configure:11058: checking whether to build static libraries
configure:11062: result: yes
configure:11098: checking for byte
configure:11098: gcc -c -g -O2  conftest.c >&5
conftest.c: In function 'main':
conftest.c:64:13: error: 'byte' undeclared (first use in this function)
 if (sizeof (byte))
             ^
conftest.c:64:13: note: each undeclared identifier is reported only once for each function it appears in
configure:11098: $? = 1
configure: failed program was:
| /* confdefs.h */
| #define PACKAGE_NAME "GeoIP"
| #define PACKAGE_TARNAME "GeoIP"
| #define PACKAGE_VERSION "1.4.8"
| #define PACKAGE_STRING "GeoIP 1.4.8"
| #define PACKAGE_BUGREPORT "support@maxmind.com"
| #define PACKAGE_URL ""
| #define STDC_HEADERS 1
| #define HAVE_SYS_TYPES_H 1
| #define HAVE_SYS_STAT_H 1
| #define HAVE_STDLIB_H 1
| #define HAVE_STRING_H 1
| #define HAVE_MEMORY_H 1
| #define HAVE_STRINGS_H 1
| #define HAVE_INTTYPES_H 1
| #define HAVE_STDINT_H 1
| #define HAVE_UNISTD_H 1
| #define __EXTENSIONS__ 1
| #define _ALL_SOURCE 1
| #define _GNU_SOURCE 1
| #define _POSIX_PTHREAD_SEMANTICS 1
| #define _TANDEM_SOURCE 1
| #define PACKAGE "GeoIP"
| #define VERSION "1.4.8"
| #define HAVE_DLFCN_H 1
| #define LT_OBJDIR ".libs/"
| /* end confdefs.h.  */
| #include <stdio.h>
| #ifdef HAVE_SYS_TYPES_H
| # include <sys/types.h>
| #endif
| #ifdef HAVE_SYS_STAT_H
| # include <sys/stat.h>
| #endif
| #ifdef STDC_HEADERS
| # include <stdlib.h>
| # include <stddef.h>
| #else
| # ifdef HAVE_STDLIB_H
| #  include <stdlib.h>
| # endif
| #endif
| #ifdef HAVE_STRING_H
| # if !defined STDC_HEADERS && defined HAVE_MEMORY_H
| #  include <memory.h>
| # endif
| # include <string.h>
| #endif
| #ifdef HAVE_STRINGS_H
| # include <strings.h>
| #endif
| #ifdef HAVE_INTTYPES_H
| # include <inttypes.h>
| #endif
| #ifdef HAVE_STDINT_H
| # include <stdint.h>
| #endif
| #ifdef HAVE_UNISTD_H
| # include <unistd.h>
| #endif
| int
| main ()
| {
| if (sizeof (byte))
| 	 return 0;
|   ;
|   return 0;
| }
configure:11098: result: no
configure:11104: checking for ushort
configure:11104: gcc -c -g -O2  conftest.c >&5
configure:11104: $? = 0
configure:11104: gcc -c -g -O2  conftest.c >&5
conftest.c: In function 'main':
conftest.c:64:21: error: expected expression before ')' token
 if (sizeof ((ushort)))
                     ^
configure:11104: $? = 1
configure: failed program was:
| /* confdefs.h */
| #define PACKAGE_NAME "GeoIP"
| #define PACKAGE_TARNAME "GeoIP"
| #define PACKAGE_VERSION "1.4.8"
| #define PACKAGE_STRING "GeoIP 1.4.8"
| #define PACKAGE_BUGREPORT "support@maxmind.com"
| #define PACKAGE_URL ""
| #define STDC_HEADERS 1
| #define HAVE_SYS_TYPES_H 1
| #define HAVE_SYS_STAT_H 1
| #define HAVE_STDLIB_H 1
| #define HAVE_STRING_H 1
| #define HAVE_MEMORY_H 1
| #define HAVE_STRINGS_H 1
| #define HAVE_INTTYPES_H 1
| #define HAVE_STDINT_H 1
| #define HAVE_UNISTD_H 1
| #define __EXTENSIONS__ 1
| #define _ALL_SOURCE 1
| #define _GNU_SOURCE 1
| #define _POSIX_PTHREAD_SEMANTICS 1
| #define _TANDEM_SOURCE 1
| #define PACKAGE "GeoIP"
| #define VERSION "1.4.8"
| #define HAVE_DLFCN_H 1
| #define LT_OBJDIR ".libs/"
| /* end confdefs.h.  */
| #include <stdio.h>
| #ifdef HAVE_SYS_TYPES_H
| # include <sys/types.h>
| #endif
| #ifdef HAVE_SYS_STAT_H
| # include <sys/stat.h>
| #endif
| #ifdef STDC_HEADERS
| # include <stdlib.h>
| # include <stddef.h>
| #else
| # ifdef HAVE_STDLIB_H
| #  include <stdlib.h>
| # endif
| #endif
| #ifdef HAVE_STRING_H
| # if !defined STDC_HEADERS && defined HAVE_MEMORY_H
| #  include <memory.h>
| # endif
| # include <string.h>
| #endif
| #ifdef HAVE_STRINGS_H
| # include <strings.h>
| #endif
| #ifdef HAVE_INTTYPES_H
| # include <inttypes.h>
| #endif
| #ifdef HAVE_STDINT_H
| # include <stdint.h>
| #endif
| #ifdef HAVE_UNISTD_H
| # include <unistd.h>
| #endif
| int
| main ()
| {
| if (sizeof ((ushort)))
| 	    return 0;
|   ;
|   return 0;
| }
configure:11104: result: yes
configure:11110: checking for ulong
configure:11110: gcc -c -g -O2  conftest.c >&5
configure:11110: $? = 0
configure:11110: gcc -c -g -O2  conftest.c >&5
conftest.c: In function 'main':
conftest.c:65:20: error: expected expression before ')' token
 if (sizeof ((ulong)))
                    ^
configure:11110: $? = 1
configure: failed program was:
| /* confdefs.h */
| #define PACKAGE_NAME "GeoIP"
| #define PACKAGE_TARNAME "GeoIP"
| #define PACKAGE_VERSION "1.4.8"
| #define PACKAGE_STRING "GeoIP 1.4.8"
| #define PACKAGE_BUGREPORT "support@maxmind.com"
| #define PACKAGE_URL ""
| #define STDC_HEADERS 1
| #define HAVE_SYS_TYPES_H 1
| #define HAVE_SYS_STAT_H 1
| #define HAVE_STDLIB_H 1
| #define HAVE_STRING_H 1
| #define HAVE_MEMORY_H 1
| #define HAVE_STRINGS_H 1
| #define HAVE_INTTYPES_H 1
| #define HAVE_STDINT_H 1
| #define HAVE_UNISTD_H 1
| #define __EXTENSIONS__ 1
| #define _ALL_SOURCE 1
| #define _GNU_SOURCE 1
| #define _POSIX_PTHREAD_SEMANTICS 1
| #define _TANDEM_SOURCE 1
| #define PACKAGE "GeoIP"
| #define VERSION "1.4.8"
| #define HAVE_DLFCN_H 1
| #define LT_OBJDIR ".libs/"
| #define HAVE_USHORT_TYPEDEF 1
| /* end confdefs.h.  */
| #include <stdio.h>
| #ifdef HAVE_SYS_TYPES_H
| # include <sys/types.h>
| #endif
| #ifdef HAVE_SYS_STAT_H
| # include <sys/stat.h>
| #endif
| #ifdef STDC_HEADERS
| # include <stdlib.h>
| # include <stddef.h>
| #else
| # ifdef HAVE_STDLIB_H
| #  include <stdlib.h>
| # endif
| #endif
| #ifdef HAVE_STRING_H
| # if !defined STDC_HEADERS && defined HAVE_MEMORY_H
| #  include <memory.h>
| # endif
| # include <string.h>
| #endif
| #ifdef HAVE_STRINGS_H
| # include <strings.h>
| #endif
| #ifdef HAVE_INTTYPES_H
| # include <inttypes.h>
| #endif
| #ifdef HAVE_STDINT_H
| # include <stdint.h>
| #endif
| #ifdef HAVE_UNISTD_H
| # include <unistd.h>
| #endif
| int
| main ()
| {
| if (sizeof ((ulong)))
| 	    return 0;
|   ;
|   return 0;
| }
configure:11110: result: yes
configure:11116: checking for u16
configure:11116: gcc -c -g -O2  conftest.c >&5
conftest.c: In function 'main':
conftest.c:66:13: error: 'u16' undeclared (first use in this function)
 if (sizeof (u16))
             ^
conftest.c:66:13: note: each undeclared identifier is reported only once for each function it appears in
configure:11116: $? = 1
configure: failed program was:
| /* confdefs.h */
| #define PACKAGE_NAME "GeoIP"
| #define PACKAGE_TARNAME "GeoIP"
| #define PACKAGE_VERSION "1.4.8"
| #define PACKAGE_STRING "GeoIP 1.4.8"
| #define PACKAGE_BUGREPORT "support@maxmind.com"
| #define PACKAGE_URL ""
| #define STDC_HEADERS 1
| #define HAVE_SYS_TYPES_H 1
| #define HAVE_SYS_STAT_H 1
| #define HAVE_STDLIB_H 1
| #define HAVE_STRING_H 1
| #define HAVE_MEMORY_H 1
| #define HAVE_STRINGS_H 1
| #define HAVE_INTTYPES_H 1
| #define HAVE_STDINT_H 1
| #define HAVE_UNISTD_H 1
| #define __EXTENSIONS__ 1
| #define _ALL_SOURCE 1
| #define _GNU_SOURCE 1
| #define _POSIX_PTHREAD_SEMANTICS 1
| #define _TANDEM_SOURCE 1
| #define PACKAGE "GeoIP"
| #define VERSION "1.4.8"
| #define HAVE_DLFCN_H 1
| #define LT_OBJDIR ".libs/"
| #define HAVE_USHORT_TYPEDEF 1
| #define HAVE_ULONG_TYPEDEF 1
| /* end confdefs.h.  */
| #include <stdio.h>
| #ifdef HAVE_SYS_TYPES_H
| # include <sys/types.h>
| #endif
| #ifdef HAVE_SYS_STAT_H
| # include <sys/stat.h>
| #endif
| #ifdef STDC_HEADERS
| # include <stdlib.h>
| # include <stddef.h>
| #else
| # ifdef HAVE_STDLIB_H
| #  include <stdlib.h>
| # endif
| #endif
| #ifdef HAVE_STRING_H
| # if !defined STDC_HEADERS && defined HAVE_MEMORY_H
| #  include <memory.h>
| # endif
| # include <string.h>
| #endif
| #ifdef HAVE_STRINGS_H
| # include <strings.h>
| #endif
| #ifdef HAVE_INTTYPES_H
| # include <inttypes.h>
| #endif
| #ifdef HAVE_STDINT_H
| # include <stdint.h>
| #endif
| #ifdef HAVE_UNISTD_H
| # include <unistd.h>
| #endif
| int
| main ()
| {
| if (sizeof (u16))
| 	 return 0;
|   ;
|   return 0;
| }
configure:11116: result: no
configure:11122: checking for u32
configure:11122: gcc -c -g -O2  conftest.c >&5
conftest.c: In function 'main':
conftest.c:66:13: error: 'u32' undeclared (first use in this function)
 if (sizeof (u32))
             ^
conftest.c:66:13: note: each undeclared identifier is reported only once for each function it appears in
configure:11122: $? = 1
configure: failed program was:
| /* confdefs.h */
| #define PACKAGE_NAME "GeoIP"
| #define PACKAGE_TARNAME "GeoIP"
| #define PACKAGE_VERSION "1.4.8"
| #define PACKAGE_STRING "GeoIP 1.4.8"
| #define PACKAGE_BUGREPORT "support@maxmind.com"
| #define PACKAGE_URL ""
| #define STDC_HEADERS 1
| #define HAVE_SYS_TYPES_H 1
| #define HAVE_SYS_STAT_H 1
| #define HAVE_STDLIB_H 1
| #define HAVE_STRING_H 1
| #define HAVE_MEMORY_H 1
| #define HAVE_STRINGS_H 1
| #define HAVE_INTTYPES_H 1
| #define HAVE_STDINT_H 1
| #define HAVE_UNISTD_H 1
| #define __EXTENSIONS__ 1
| #define _ALL_SOURCE 1
| #define _GNU_SOURCE 1
| #define _POSIX_PTHREAD_SEMANTICS 1
| #define _TANDEM_SOURCE 1
| #define PACKAGE "GeoIP"
| #define VERSION "1.4.8"
| #define HAVE_DLFCN_H 1
| #define LT_OBJDIR ".libs/"
| #define HAVE_USHORT_TYPEDEF 1
| #define HAVE_ULONG_TYPEDEF 1
| /* end confdefs.h.  */
| #include <stdio.h>
| #ifdef HAVE_SYS_TYPES_H
| # include <sys/types.h>
| #endif
| #ifdef HAVE_SYS_STAT_H
| # include <sys/stat.h>
| #endif
| #ifdef STDC_HEADERS
| # include <stdlib.h>
| # include <stddef.h>
| #else
| # ifdef HAVE_STDLIB_H
| #  include <stdlib.h>
| # endif
| #endif
| #ifdef HAVE_STRING_H
| # if !defined STDC_HEADERS && defined HAVE_MEMORY_H
| #  include <memory.h>
| # endif
| # include <string.h>
| #endif
| #ifdef HAVE_STRINGS_H
| # include <strings.h>
| #endif
| #ifdef HAVE_INTTYPES_H
| # include <inttypes.h>
| #endif
| #ifdef HAVE_STDINT_H
| # include <stdint.h>
| #endif
| #ifdef HAVE_UNISTD_H
| # include <unistd.h>
| #endif
| int
| main ()
| {
| if (sizeof (u32))
| 	 return 0;
|   ;
|   return 0;
| }
configure:11122: result: no
configure:11129: checking whether byte ordering is bigendian
configure:11144: gcc -c -g -O2  conftest.c >&5
conftest.c:31:9: error: unknown type name 'not'
         not a universal capable compiler
         ^
conftest.c:31:15: error: expected '=', ',', ';', 'asm' or '__attribute__' before 'universal'
         not a universal capable compiler
               ^
conftest.c:31:15: error: unknown type name 'universal'
configure:11144: $? = 1
configure: failed program was:
| /* confdefs.h */
| #define PACKAGE_NAME "GeoIP"
| #define PACKAGE_TARNAME "GeoIP"
| #define PACKAGE_VERSION "1.4.8"
| #define PACKAGE_STRING "GeoIP 1.4.8"
| #define PACKAGE_BUGREPORT "support@maxmind.com"
| #define PACKAGE_URL ""
| #define STDC_HEADERS 1
| #define HAVE_SYS_TYPES_H 1
| #define HAVE_SYS_STAT_H 1
| #define HAVE_STDLIB_H 1
| #define HAVE_STRING_H 1
| #define HAVE_MEMORY_H 1
| #define HAVE_STRINGS_H 1
| #define HAVE_INTTYPES_H 1
| #define HAVE_STDINT_H 1
| #define HAVE_UNISTD_H 1
| #define __EXTENSIONS__ 1
| #define _ALL_SOURCE 1
| #define _GNU_SOURCE 1
| #define _POSIX_PTHREAD_SEMANTICS 1
| #define _TANDEM_SOURCE 1
| #define PACKAGE "GeoIP"
| #define VERSION "1.4.8"
| #define HAVE_DLFCN_H 1
| #define LT_OBJDIR ".libs/"
| #define HAVE_USHORT_TYPEDEF 1
| #define HAVE_ULONG_TYPEDEF 1
| /* end confdefs.h.  */
| #ifndef __APPLE_CC__
| 	       not a universal capable compiler
| 	     #endif
| 	     typedef int dummy;
| 
configure:11189: gcc -c -g -O2  conftest.c >&5
configure:11189: $? = 0
configure:11207: gcc -c -g -O2  conftest.c >&5
conftest.c: In function 'main':
conftest.c:37:4: error: unknown type name 'not'
    not big endian
    ^
conftest.c:37:12: error: expected '=', ',', ';', 'asm' or '__attribute__' before 'endian'
    not big endian
            ^
configure:11207: $? = 1
configure: failed program was:
| /* confdefs.h */
| #define PACKAGE_NAME "GeoIP"
| #define PACKAGE_TARNAME "GeoIP"
| #define PACKAGE_VERSION "1.4.8"
| #define PACKAGE_STRING "GeoIP 1.4.8"
| #define PACKAGE_BUGREPORT "support@maxmind.com"
| #define PACKAGE_URL ""
| #define STDC_HEADERS 1
| #define HAVE_SYS_TYPES_H 1
| #define HAVE_SYS_STAT_H 1
| #define HAVE_STDLIB_H 1
| #define HAVE_STRING_H 1
| #define HAVE_MEMORY_H 1
| #define HAVE_STRINGS_H 1
| #define HAVE_INTTYPES_H 1
| #define HAVE_STDINT_H 1
| #define HAVE_UNISTD_H 1
| #define __EXTENSIONS__ 1
| #define _ALL_SOURCE 1
| #define _GNU_SOURCE 1
| #define _POSIX_PTHREAD_SEMANTICS 1
| #define _TANDEM_SOURCE 1
| #define PACKAGE "GeoIP"
| #define VERSION "1.4.8"
| #define HAVE_DLFCN_H 1
| #define LT_OBJDIR ".libs/"
| #define HAVE_USHORT_TYPEDEF 1
| #define HAVE_ULONG_TYPEDEF 1
| /* end confdefs.h.  */
| #include <sys/types.h>
| 		#include <sys/param.h>
| 
| int
| main ()
| {
| #if BYTE_ORDER != BIG_ENDIAN
| 		 not big endian
| 		#endif
| 
|   ;
|   return 0;
| }
configure:11335: result: no
configure:11357: checking for stdint.h
configure:11357: result: yes
configure:11369: checking zlib.h usability
configure:11369: gcc -c -g -O2  conftest.c >&5
configure:11369: $? = 0
configure:11369: result: yes
configure:11369: checking zlib.h presence
configure:11369: gcc -E  conftest.c
configure:11369: $? = 0
configure:11369: result: yes
configure:11369: checking for zlib.h
configure:11369: result: yes
configure:11382: checking for gettimeofday
configure:11382: gcc -o conftest -g -O2   conftest.c  >&5
configure:11382: $? = 0
configure:11382: result: yes
configure:11388: checking for vasprintf
configure:11388: gcc -o conftest -g -O2   conftest.c  >&5
configure:11388: $? = 0
configure:11388: result: yes
configure:11394: checking for vsnprintf
configure:11394: gcc -o conftest -g -O2   conftest.c  >&5
conftest.c:58:6: warning: conflicting types for built-in function 'vsnprintf' [enabled by default]
 char vsnprintf ();
      ^
configure:11394: $? = 0
configure:11394: result: yes
configure:11400: checking for vsprintf
configure:11400: gcc -o conftest -g -O2   conftest.c  >&5
conftest.c:59:6: warning: conflicting types for built-in function 'vsprintf' [enabled by default]
 char vsprintf ();
      ^
configure:11400: $? = 0
configure:11400: result: yes
configure:11407: checking for gethostbyname
configure:11407: gcc -o conftest -g -O2   conftest.c  >&5
configure:11407: $? = 0
configure:11407: result: yes
configure:11457: checking for gethostbyname_r
configure:11457: gcc -o conftest -g -O2   conftest.c  >&5
configure:11457: $? = 0
configure:11457: result: yes
configure:11650: creating ./config.status

## ---------------- ##
## Cache variables. ##
## ---------------- ##

ac_cv_build=x86_64-unknown-linux-gnu
ac_cv_c_bigendian=no
ac_cv_c_compiler_gnu=yes
ac_cv_env_CC_set=
ac_cv_env_CC_value=
ac_cv_env_CFLAGS_set=
ac_cv_env_CFLAGS_value=
ac_cv_env_CPPFLAGS_set=
ac_cv_env_CPPFLAGS_value=
ac_cv_env_CPP_set=
ac_cv_env_CPP_value=
ac_cv_env_LDFLAGS_set=
ac_cv_env_LDFLAGS_value=
ac_cv_env_LIBS_set=
ac_cv_env_LIBS_value=
ac_cv_env_build_alias_set=
ac_cv_env_build_alias_value=
ac_cv_env_host_alias_set=
ac_cv_env_host_alias_value=
ac_cv_env_target_alias_set=
ac_cv_env_target_alias_value=
ac_cv_func_gethostbyname=yes
ac_cv_func_gethostbyname_r=yes
ac_cv_func_gettimeofday=yes
ac_cv_func_vasprintf=yes
ac_cv_func_vsnprintf=yes
ac_cv_func_vsprintf=yes
ac_cv_header_dlfcn_h=yes
ac_cv_header_inttypes_h=yes
ac_cv_header_memory_h=yes
ac_cv_header_minix_config_h=no
ac_cv_header_stdc=yes
ac_cv_header_stdint_h=yes
ac_cv_header_stdlib_h=yes
ac_cv_header_string_h=yes
ac_cv_header_strings_h=yes
ac_cv_header_sys_stat_h=yes
ac_cv_header_sys_types_h=yes
ac_cv_header_unistd_h=yes
ac_cv_header_zlib_h=yes
ac_cv_host=x86_64-unknown-linux-gnu
ac_cv_objext=o
ac_cv_path_EGREP='/usr/bin/grep -E'
ac_cv_path_FGREP='/usr/bin/grep -F'
ac_cv_path_GREP=/usr/bin/grep
ac_cv_path_SED=/usr/bin/sed
ac_cv_path_install='/usr/bin/install -c'
ac_cv_path_mkdir=/usr/bin/mkdir
ac_cv_prog_AWK=gawk
ac_cv_prog_CPP='gcc -E'
ac_cv_prog_ac_ct_AR=ar
ac_cv_prog_ac_ct_CC=gcc
ac_cv_prog_ac_ct_OBJDUMP=objdump
ac_cv_prog_ac_ct_RANLIB=ranlib
ac_cv_prog_ac_ct_STRIP=strip
ac_cv_prog_cc_c89=
ac_cv_prog_cc_g=yes
ac_cv_prog_make_make_set=yes
ac_cv_safe_to_define___extensions__=yes
ac_cv_type_byte=no
ac_cv_type_u16=no
ac_cv_type_u32=no
ac_cv_type_ulong=yes
ac_cv_type_ushort=yes
am_cv_CC_dependencies_compiler_type=gcc3
lt_cv_deplibs_check_method=pass_all
lt_cv_file_magic_cmd='$MAGIC_CMD'
lt_cv_file_magic_test_file=
lt_cv_ld_reload_flag=-r
lt_cv_nm_interface='BSD nm'
lt_cv_objdir=.libs
lt_cv_path_LD=/usr/bin/ld
lt_cv_path_NM='/usr/bin/nm -B'
lt_cv_prog_compiler_c_o=yes
lt_cv_prog_compiler_pic_works=yes
lt_cv_prog_compiler_rtti_exceptions=no
lt_cv_prog_compiler_static_works=no
lt_cv_prog_gnu_ld=yes
lt_cv_sys_global_symbol_pipe='sed -n -e '\''s/^.*[	 ]\([ABCDGIRSTW][ABCDGIRSTW]*\)[	 ][	 ]*\([_A-Za-z][_A-Za-z0-9]*\)$/\1 \2 \2/p'\'''
lt_cv_sys_global_symbol_to_c_name_address='sed -n -e '\''s/^: \([^ ]*\) $/  {\"\1\", (void *) 0},/p'\'' -e '\''s/^[ABCDGIRSTW]* \([^ ]*\) \([^ ]*\)$/  {"\2", (void *) \&\2},/p'\'''
lt_cv_sys_global_symbol_to_c_name_address_lib_prefix='sed -n -e '\''s/^: \([^ ]*\) $/  {\"\1\", (void *) 0},/p'\'' -e '\''s/^[ABCDGIRSTW]* \([^ ]*\) \(lib[^ ]*\)$/  {"\2", (void *) \&\2},/p'\'' -e '\''s/^[ABCDGIRSTW]* \([^ ]*\) \([^ ]*\)$/  {"lib\2", (void *) \&\2},/p'\'''
lt_cv_sys_global_symbol_to_cdecl='sed -n -e '\''s/^T .* \(.*\)$/extern int \1();/p'\'' -e '\''s/^[ABCDGIRSTW]* .* \(.*\)$/extern char \1;/p'\'''
lt_cv_sys_max_cmd_len=1572864

## ----------------- ##
## Output variables. ##
## ----------------- ##

ACLOCAL='${SHELL} /root/dockerfiles/GeoIP-1.4.8/missing --run aclocal-1.11'
AMDEPBACKSLASH='\'
AMDEP_FALSE='#'
AMDEP_TRUE=''
AMTAR='${SHELL} /root/dockerfiles/GeoIP-1.4.8/missing --run tar'
AR='ar'
AUTOCONF='${SHELL} /root/dockerfiles/GeoIP-1.4.8/missing --run autoconf'
AUTOHEADER='${SHELL} /root/dockerfiles/GeoIP-1.4.8/missing --run autoheader'
AUTOMAKE='${SHELL} /root/dockerfiles/GeoIP-1.4.8/missing --run automake-1.11'
AWK='gawk'
CC='gcc'
CCDEPMODE='depmode=gcc3'
CFLAGS='-g -O2'
CPP='gcc -E'
CPPFLAGS=''
CYGPATH_W='echo'
DEFS='-DPACKAGE_NAME=\"GeoIP\" -DPACKAGE_TARNAME=\"GeoIP\" -DPACKAGE_VERSION=\"1.4.8\" -DPACKAGE_STRING=\"GeoIP\ 1.4.8\" -DPACKAGE_BUGREPORT=\"support@maxmind.com\" -DPACKAGE_URL=\"\" -DSTDC_HEADERS=1 -DHAVE_SYS_TYPES_H=1 -DHAVE_SYS_STAT_H=1 -DHAVE_STDLIB_H=1 -DHAVE_STRING_H=1 -DHAVE_MEMORY_H=1 -DHAVE_STRINGS_H=1 -DHAVE_INTTYPES_H=1 -DHAVE_STDINT_H=1 -DHAVE_UNISTD_H=1 -D__EXTENSIONS__=1 -D_ALL_SOURCE=1 -D_GNU_SOURCE=1 -D_POSIX_PTHREAD_SEMANTICS=1 -D_TANDEM_SOURCE=1 -DPACKAGE=\"GeoIP\" -DVERSION=\"1.4.8\" -DHAVE_DLFCN_H=1 -DLT_OBJDIR=\".libs/\" -DHAVE_USHORT_TYPEDEF=1 -DHAVE_ULONG_TYPEDEF=1 -DLITTLE_ENDIAN_HOST=1 -DHAVE_STDINT_H=1 -DHAVE_ZLIB_H=1 -DHAVE_GETTIMEOFDAY=1 -DHAVE_VASPRINTF=1 -DHAVE_VSNPRINTF=1 -DHAVE_VSPRINTF=1 -DHAVE_GETHOSTBYNAME=1 -DHAVE_GETHOSTBYNAME_R=1 -DGETHOSTBYNAME_R_RETURNS_INT=1'
DEPDIR='.deps'
DSYMUTIL=''
DUMPBIN=''
ECHO_C=''
ECHO_N='-n'
ECHO_T=''
EGREP='/usr/bin/grep -E'
EXEEXT=''
FGREP='/usr/bin/grep -F'
GEOIP_VERSION_INFO='5:8:4'
GREP='/usr/bin/grep'
INSTALL_DATA='${INSTALL} -m 644'
INSTALL_PROGRAM='${INSTALL}'
INSTALL_SCRIPT='${INSTALL}'
INSTALL_STRIP_PROGRAM='$(install_sh) -c -s'
LD='/usr/bin/ld -m elf_x86_64'
LDFLAGS=''
LIBOBJS=''
LIBS=''
LIBTOOL='$(SHELL) $(top_builddir)/libtool'
LIPO=''
LN_S='ln -s'
LTLIBOBJS=''
MAKEINFO='${SHELL} /root/dockerfiles/GeoIP-1.4.8/missing --run makeinfo'
MKDIR_P='/usr/bin/mkdir -p'
NM='/usr/bin/nm -B'
NMEDIT=''
OBJDUMP='objdump'
OBJEXT='o'
OTOOL64=''
OTOOL=''
PACKAGE='GeoIP'
PACKAGE_BUGREPORT='support@maxmind.com'
PACKAGE_NAME='GeoIP'
PACKAGE_STRING='GeoIP 1.4.8'
PACKAGE_TARNAME='GeoIP'
PACKAGE_URL=''
PACKAGE_VERSION='1.4.8'
PATH_SEPARATOR=':'
RANLIB='ranlib'
SED='/usr/bin/sed'
SET_MAKE=''
SHELL='/bin/sh'
STRIP='strip'
VERSION='1.4.8'
ac_ct_CC='gcc'
ac_ct_DUMPBIN=''
am__EXEEXT_FALSE=''
am__EXEEXT_TRUE='#'
am__fastdepCC_FALSE='#'
am__fastdepCC_TRUE=''
am__include='include'
am__isrc=''
am__leading_dot='.'
am__quote=''
am__tar='${AMTAR} chof - "$$tardir"'
am__untar='${AMTAR} xf -'
bindir='${exec_prefix}/bin'
build='x86_64-unknown-linux-gnu'
build_alias=''
build_cpu='x86_64'
build_os='linux-gnu'
build_vendor='unknown'
datadir='${datarootdir}'
datarootdir='${prefix}/share'
docdir='${datarootdir}/doc/${PACKAGE_TARNAME}'
dvidir='${docdir}'
exec_prefix='${prefix}'
host='x86_64-unknown-linux-gnu'
host_alias=''
host_cpu='x86_64'
host_os='linux-gnu'
host_vendor='unknown'
htmldir='${docdir}'
includedir='${prefix}/include'
infodir='${datarootdir}/info'
install_sh='${SHELL} /root/dockerfiles/GeoIP-1.4.8/install-sh'
libdir='${exec_prefix}/lib'
libexecdir='${exec_prefix}/libexec'
localedir='${datarootdir}/locale'
localstatedir='${prefix}/var'
lt_ECHO='echo'
mandir='${datarootdir}/man'
mkdir_p='/usr/bin/mkdir -p'
oldincludedir='/usr/include'
pdfdir='${docdir}'
prefix='/usr/local'
program_transform_name='s,x,x,'
psdir='${docdir}'
sbindir='${exec_prefix}/sbin'
sharedstatedir='${prefix}/com'
sysconfdir='${prefix}/etc'
target_alias=''

## ----------- ##
## confdefs.h. ##
## ----------- ##

/* confdefs.h */
#define PACKAGE_NAME "GeoIP"
#define PACKAGE_TARNAME "GeoIP"
#define PACKAGE_VERSION "1.4.8"
#define PACKAGE_STRING "GeoIP 1.4.8"
#define PACKAGE_BUGREPORT "support@maxmind.com"
#define PACKAGE_URL ""
#define STDC_HEADERS 1
#define HAVE_SYS_TYPES_H 1
#define HAVE_SYS_STAT_H 1
#define HAVE_STDLIB_H 1
#define HAVE_STRING_H 1
#define HAVE_MEMORY_H 1
#define HAVE_STRINGS_H 1
#define HAVE_INTTYPES_H 1
#define HAVE_STDINT_H 1
#define HAVE_UNISTD_H 1
#define __EXTENSIONS__ 1
#define _ALL_SOURCE 1
#define _GNU_SOURCE 1
#define _POSIX_PTHREAD_SEMANTICS 1
#define _TANDEM_SOURCE 1
#define PACKAGE "GeoIP"
#define VERSION "1.4.8"
#define HAVE_DLFCN_H 1
#define LT_OBJDIR ".libs/"
#define HAVE_USHORT_TYPEDEF 1
#define HAVE_ULONG_TYPEDEF 1
#define LITTLE_ENDIAN_HOST 1
#define HAVE_STDINT_H 1
#define HAVE_ZLIB_H 1
#define HAVE_GETTIMEOFDAY 1
#define HAVE_VASPRINTF 1
#define HAVE_VSNPRINTF 1
#define HAVE_VSPRINTF 1
#define HAVE_GETHOSTBYNAME 1
#define HAVE_GETHOSTBYNAME_R 1
#define GETHOSTBYNAME_R_RETURNS_INT 1

configure: exit 0

## ---------------------- ##
## Running config.status. ##
## ---------------------- ##

This file was extended by GeoIP config.status 1.4.8, which was
generated by GNU Autoconf 2.69.  Invocation command line was

  CONFIG_FILES    = 
  CONFIG_HEADERS  = 
  CONFIG_LINKS    = 
  CONFIG_COMMANDS = 
  $ ./config.status 

on localhost.localdomain

config.status:992: creating Makefile
config.status:992: creating GeoIP.spec
config.status:992: creating libGeoIP/Makefile
config.status:992: creating apps/Makefile
config.status:992: creating conf/Makefile
config.status:992: creating data/Makefile
config.status:992: creating man/Makefile
config.status:992: creating test/Makefile
config.status:1164: executing depfiles commands
config.status:1164: executing libtool commands
